<?xml version="1.0" encoding="UTF-8"?>
<!-- Generated by org.testng.reporters.JUnitReportReporter -->
<testsuite skipped="0" hostname="Jagseer-PC" name="com.prac.junit.junitPrac" tests="2" failures="0" timestamp="15 Aug 2017 19:21:07 GMT" time="0.026" errors="0">
  <testcase name="fun" time="0.017" classname="com.prac.junit.junitPrac"/>
  <testcase name="test" time="0.009" classname="com.prac.junit.junitPrac"/>
</testsuite> <!-- com.prac.junit.junitPrac -->
