<?xml version="1.0" encoding="UTF-8"?>
<!-- Generated by org.testng.reporters.JUnitReportReporter -->
<testsuite skipped="0" hostname="Jagseer-PC" name="com.prac.junit.Demo" tests="1" failures="0" timestamp="15 Aug 2017 19:20:56 GMT" time="0.014" errors="0">
  <testcase name="fun" time="0.014" classname="com.prac.junit.Demo"/>
</testsuite> <!-- com.prac.junit.Demo -->
