<?xml version="1.0" encoding="UTF-8"?>
<!-- Generated by org.testng.reporters.JUnitReportReporter -->
<testsuite skipped="0" hostname="Jagseer-PC" name="com.prac.TestNG.log4j_test" tests="1" failures="0" timestamp="15 Aug 2017 19:15:42 GMT" time="0.014" errors="0">
  <testcase name="testFun" time="0.014" classname="com.prac.TestNG.log4j_test"/>
</testsuite> <!-- com.prac.TestNG.log4j_test -->
