<?xml version="1.0" encoding="UTF-8"?>
<!-- Generated by org.testng.reporters.JUnitReportReporter -->
<testsuite skipped="0" hostname="Jagseer-PC" name="test.MyAccountTestPage" tests="1" failures="0" timestamp="17 Aug 2017 19:49:30 GMT" time="10.861" errors="0">
  <testcase name="f" time="10.861" classname="test.MyAccountTestPage"/>
</testsuite> <!-- test.MyAccountTestPage -->
